

Processing ApplicationController#index (for 127.0.0.1 at 2010-03-18 07:40:40) [GET]

ActionController::RoutingError (No route matches "/_session" with {:method=>:get}):
  sinatra (0.9.6) lib/sinatra/base.rb:427:in `forward'
  sinatra (0.9.6) lib/sinatra/base.rb:498:in `route_missing'
  sinatra (0.9.6) lib/sinatra/base.rb:483:in `route!'
  sinatra (0.9.6) lib/sinatra/base.rb:569:in `dispatch!'
  sinatra (0.9.6) lib/sinatra/base.rb:388:in `call!'
  sinatra (0.9.6) lib/sinatra/base.rb:536:in `instance_eval'
  sinatra (0.9.6) lib/sinatra/base.rb:536:in `invoke'
  sinatra (0.9.6) lib/sinatra/base.rb:536:in `catch'
  sinatra (0.9.6) lib/sinatra/base.rb:536:in `invoke'
  sinatra (0.9.6) lib/sinatra/base.rb:388:in `call!'
  sinatra (0.9.6) lib/sinatra/base.rb:377:in `call'

Rendering rescues/layout (not_found)


Processing ApplicationController#index (for 127.0.0.1 at 2010-04-27 19:31:04) [GET]

ActionController::RoutingError (No route matches "/_ruote/" with {:method=>:get}):
  sinatra (0.9.6) lib/sinatra/base.rb:427:in `forward'
  sinatra (0.9.6) lib/sinatra/base.rb:498:in `route_missing'
  sinatra (0.9.6) lib/sinatra/base.rb:483:in `route!'
  sinatra (0.9.6) lib/sinatra/base.rb:569:in `dispatch!'
  sinatra (0.9.6) lib/sinatra/base.rb:388:in `call!'
  sinatra (0.9.6) lib/sinatra/base.rb:536:in `instance_eval'
  sinatra (0.9.6) lib/sinatra/base.rb:536:in `invoke'
  sinatra (0.9.6) lib/sinatra/base.rb:536:in `catch'
  sinatra (0.9.6) lib/sinatra/base.rb:536:in `invoke'
  sinatra (0.9.6) lib/sinatra/base.rb:388:in `call!'
  sinatra (0.9.6) lib/sinatra/base.rb:377:in `call'

Rendering rescues/layout (not_found)
  [4;36;1mSQL (0.2ms)[0m   [0;1m SELECT name
 FROM sqlite_master
 WHERE type = 'table' AND NOT name = 'sqlite_sequence'
[0m
  [4;35;1mSQL (0.1ms)[0m   [0mselect sqlite_version(*)[0m
  [4;36;1mSQL (4.1ms)[0m   [0;1mCREATE TABLE "schema_migrations" ("version" varchar(255) NOT NULL) [0m
  [4;35;1mSQL (42.5ms)[0m   [0mCREATE UNIQUE INDEX "unique_schema_migrations" ON "schema_migrations" ("version")[0m
  [4;36;1mSQL (0.3ms)[0m   [0;1m SELECT name
 FROM sqlite_master
 WHERE type = 'table' AND NOT name = 'sqlite_sequence'
[0m
  [4;35;1mSQL (0.1ms)[0m   [0mSELECT version FROM schema_migrations[0m
Migrating to CreateEmails (20100505204715)
  [4;36;1mSQL (0.5ms)[0m   [0;1mCREATE TABLE "emails" ("id" INTEGER PRIMARY KEY AUTOINCREMENT NOT NULL, "address" varchar(255), "created_at" datetime, "updated_at" datetime) [0m
  [4;35;1mSQL (0.1ms)[0m   [0mINSERT INTO schema_migrations (version) VALUES ('20100505204715')[0m
  [4;36;1mSQL (0.3ms)[0m   [0;1m SELECT name
 FROM sqlite_master
 WHERE type = 'table' AND NOT name = 'sqlite_sequence'
[0m
  [4;35;1mSQL (0.1ms)[0m   [0mSELECT version FROM schema_migrations[0m
  [4;36;1mSQL (0.1ms)[0m   [0;1m SELECT name
 FROM sqlite_master
 WHERE type = 'table' AND NOT name = 'sqlite_sequence'
[0m
  [4;35;1mSQL (0.0ms)[0m   [0mPRAGMA index_list("emails")[0m


Processing ApplicationController#index (for 127.0.0.1 at 2010-05-05 13:48:17) [GET]

ActionController::RoutingError (No route matches "/_ruote/" with {:method=>:get}):
  sinatra (0.9.6) lib/sinatra/base.rb:427:in `forward'
  sinatra (0.9.6) lib/sinatra/base.rb:498:in `route_missing'
  sinatra (0.9.6) lib/sinatra/base.rb:483:in `route!'
  sinatra (0.9.6) lib/sinatra/base.rb:569:in `dispatch!'
  sinatra (0.9.6) lib/sinatra/base.rb:388:in `call!'
  sinatra (0.9.6) lib/sinatra/base.rb:536:in `instance_eval'
  sinatra (0.9.6) lib/sinatra/base.rb:536:in `invoke'
  sinatra (0.9.6) lib/sinatra/base.rb:536:in `catch'
  sinatra (0.9.6) lib/sinatra/base.rb:536:in `invoke'
  sinatra (0.9.6) lib/sinatra/base.rb:388:in `call!'
  sinatra (0.9.6) lib/sinatra/base.rb:377:in `call'

Rendering rescues/layout (not_found)


Processing ApplicationController#index (for 127.0.0.1 at 2010-05-05 13:49:39) [GET]

ActionController::RoutingError (No route matches "/_ruote/" with {:method=>:get}):
  sinatra (0.9.6) lib/sinatra/base.rb:427:in `forward'
  sinatra (0.9.6) lib/sinatra/base.rb:498:in `route_missing'
  sinatra (0.9.6) lib/sinatra/base.rb:483:in `route!'
  sinatra (0.9.6) lib/sinatra/base.rb:569:in `dispatch!'
  sinatra (0.9.6) lib/sinatra/base.rb:388:in `call!'
  sinatra (0.9.6) lib/sinatra/base.rb:536:in `instance_eval'
  sinatra (0.9.6) lib/sinatra/base.rb:536:in `invoke'
  sinatra (0.9.6) lib/sinatra/base.rb:536:in `catch'
  sinatra (0.9.6) lib/sinatra/base.rb:536:in `invoke'
  sinatra (0.9.6) lib/sinatra/base.rb:388:in `call!'
  sinatra (0.9.6) lib/sinatra/base.rb:377:in `call'

Rendering rescues/layout (not_found)


Processing ApplicationController#index (for 127.0.0.1 at 2010-05-05 13:51:41) [GET]

ActionController::RoutingError (No route matches "/_ruote/" with {:method=>:get}):
  sinatra (0.9.6) lib/sinatra/base.rb:427:in `forward'
  sinatra (0.9.6) lib/sinatra/base.rb:498:in `route_missing'
  sinatra (0.9.6) lib/sinatra/base.rb:483:in `route!'
  sinatra (0.9.6) lib/sinatra/base.rb:569:in `dispatch!'
  sinatra (0.9.6) lib/sinatra/base.rb:388:in `call!'
  sinatra (0.9.6) lib/sinatra/base.rb:536:in `instance_eval'
  sinatra (0.9.6) lib/sinatra/base.rb:536:in `invoke'
  sinatra (0.9.6) lib/sinatra/base.rb:536:in `catch'
  sinatra (0.9.6) lib/sinatra/base.rb:536:in `invoke'
  sinatra (0.9.6) lib/sinatra/base.rb:388:in `call!'
  sinatra (0.9.6) lib/sinatra/base.rb:377:in `call'

Rendering rescues/layout (not_found)


Processing ApplicationController#index (for 127.0.0.1 at 2010-05-05 16:01:19) [GET]

ActionController::RoutingError (No route matches "/email" with {:method=>:get}):
  sinatra (0.9.6) lib/sinatra/base.rb:427:in `forward'
  sinatra (0.9.6) lib/sinatra/base.rb:498:in `route_missing'
  sinatra (0.9.6) lib/sinatra/base.rb:483:in `route!'
  sinatra (0.9.6) lib/sinatra/base.rb:569:in `dispatch!'
  sinatra (0.9.6) lib/sinatra/base.rb:388:in `call!'
  sinatra (0.9.6) lib/sinatra/base.rb:536:in `instance_eval'
  sinatra (0.9.6) lib/sinatra/base.rb:536:in `invoke'
  sinatra (0.9.6) lib/sinatra/base.rb:536:in `catch'
  sinatra (0.9.6) lib/sinatra/base.rb:536:in `invoke'
  sinatra (0.9.6) lib/sinatra/base.rb:388:in `call!'
  sinatra (0.9.6) lib/sinatra/base.rb:377:in `call'

Rendering rescues/layout (not_found)


Processing EmailsController#index (for 127.0.0.1 at 2010-05-05 16:01:21) [GET]
  [4;36;1mEmail Load (0.7ms)[0m   [0;1mSELECT * FROM "emails" [0m
Rendering template within layouts/emails
Rendering emails/index
Completed in 185ms (View: 179, DB: 1) | 200 OK [http://localhost/emails]


Processing EmailsController#index (for 127.0.0.1 at 2010-05-05 17:57:29) [GET]
  [4;36;1mEmail Load (0.8ms)[0m   [0;1mSELECT * FROM "emails" [0m
Rendering template within layouts/emails
Rendering emails/index
Completed in 142ms (View: 80, DB: 1) | 200 OK [http://localhost/emails]


Processing ApplicationController#index (for 127.0.0.1 at 2010-05-05 18:13:57) [GET]

ActionController::RoutingError (No route matches "/workitem" with {:method=>:get}):
  sinatra (0.9.6) lib/sinatra/base.rb:427:in `forward'
  sinatra (0.9.6) lib/sinatra/base.rb:498:in `route_missing'
  sinatra (0.9.6) lib/sinatra/base.rb:483:in `route!'
  sinatra (0.9.6) lib/sinatra/base.rb:569:in `dispatch!'
  sinatra (0.9.6) lib/sinatra/base.rb:388:in `call!'
  sinatra (0.9.6) lib/sinatra/base.rb:536:in `instance_eval'
  sinatra (0.9.6) lib/sinatra/base.rb:536:in `invoke'
  sinatra (0.9.6) lib/sinatra/base.rb:536:in `catch'
  sinatra (0.9.6) lib/sinatra/base.rb:536:in `invoke'
  sinatra (0.9.6) lib/sinatra/base.rb:388:in `call!'
  sinatra (0.9.6) lib/sinatra/base.rb:377:in `call'

Rendering rescues/layout (not_found)


Processing ApplicationController#index (for 127.0.0.1 at 2010-05-05 18:13:59) [GET]

ActionController::RoutingError (No route matches "/workitems" with {:method=>:get}):
  sinatra (0.9.6) lib/sinatra/base.rb:427:in `forward'
  sinatra (0.9.6) lib/sinatra/base.rb:498:in `route_missing'
  sinatra (0.9.6) lib/sinatra/base.rb:483:in `route!'
  sinatra (0.9.6) lib/sinatra/base.rb:569:in `dispatch!'
  sinatra (0.9.6) lib/sinatra/base.rb:388:in `call!'
  sinatra (0.9.6) lib/sinatra/base.rb:536:in `instance_eval'
  sinatra (0.9.6) lib/sinatra/base.rb:536:in `invoke'
  sinatra (0.9.6) lib/sinatra/base.rb:536:in `catch'
  sinatra (0.9.6) lib/sinatra/base.rb:536:in `invoke'
  sinatra (0.9.6) lib/sinatra/base.rb:388:in `call!'
  sinatra (0.9.6) lib/sinatra/base.rb:377:in `call'

Rendering rescues/layout (not_found)


Processing ApplicationController#index (for 127.0.0.1 at 2010-05-05 18:15:19) [GET]

ActionController::RoutingError (No route matches "/workitems" with {:method=>:get}):
  sinatra (0.9.6) lib/sinatra/base.rb:427:in `forward'
  sinatra (0.9.6) lib/sinatra/base.rb:498:in `route_missing'
  sinatra (0.9.6) lib/sinatra/base.rb:483:in `route!'
  sinatra (0.9.6) lib/sinatra/base.rb:569:in `dispatch!'
  sinatra (0.9.6) lib/sinatra/base.rb:388:in `call!'
  sinatra (0.9.6) lib/sinatra/base.rb:536:in `instance_eval'
  sinatra (0.9.6) lib/sinatra/base.rb:536:in `invoke'
  sinatra (0.9.6) lib/sinatra/base.rb:536:in `catch'
  sinatra (0.9.6) lib/sinatra/base.rb:536:in `invoke'
  sinatra (0.9.6) lib/sinatra/base.rb:388:in `call!'
  sinatra (0.9.6) lib/sinatra/base.rb:377:in `call'

Rendering rescues/layout (not_found)


Processing WorklistController#index (for 127.0.0.1 at 2010-05-05 18:15:22) [GET]

NoMethodError (undefined method `storage_participant' for Ruote:Module):
  app/controllers/worklist_controller.rb:3:in `index'
  haml (2.2.16) lib/sass/plugin/rails.rb:19:in `process'
  sinatra (0.9.6) lib/sinatra/base.rb:427:in `forward'
  sinatra (0.9.6) lib/sinatra/base.rb:498:in `route_missing'
  sinatra (0.9.6) lib/sinatra/base.rb:483:in `route!'
  sinatra (0.9.6) lib/sinatra/base.rb:569:in `dispatch!'
  sinatra (0.9.6) lib/sinatra/base.rb:388:in `call!'
  sinatra (0.9.6) lib/sinatra/base.rb:536:in `instance_eval'
  sinatra (0.9.6) lib/sinatra/base.rb:536:in `invoke'
  sinatra (0.9.6) lib/sinatra/base.rb:536:in `catch'
  sinatra (0.9.6) lib/sinatra/base.rb:536:in `invoke'
  sinatra (0.9.6) lib/sinatra/base.rb:388:in `call!'
  sinatra (0.9.6) lib/sinatra/base.rb:377:in `call'

Rendered rescues/_trace (38.5ms)
Rendered rescues/_request_and_response (65.0ms)
Rendering rescues/layout (internal_server_error)


Processing WorklistController#index (for 127.0.0.1 at 2010-05-05 18:20:57) [GET]

NoMethodError (undefined method `storage_participant' for Ruote:Module):
  app/controllers/worklist_controller.rb:3:in `index'
  haml (2.2.16) lib/sass/plugin/rails.rb:19:in `process'
  sinatra (0.9.6) lib/sinatra/base.rb:427:in `forward'
  sinatra (0.9.6) lib/sinatra/base.rb:498:in `route_missing'
  sinatra (0.9.6) lib/sinatra/base.rb:483:in `route!'
  sinatra (0.9.6) lib/sinatra/base.rb:569:in `dispatch!'
  sinatra (0.9.6) lib/sinatra/base.rb:388:in `call!'
  sinatra (0.9.6) lib/sinatra/base.rb:536:in `instance_eval'
  sinatra (0.9.6) lib/sinatra/base.rb:536:in `invoke'
  sinatra (0.9.6) lib/sinatra/base.rb:536:in `catch'
  sinatra (0.9.6) lib/sinatra/base.rb:536:in `invoke'
  sinatra (0.9.6) lib/sinatra/base.rb:388:in `call!'
  sinatra (0.9.6) lib/sinatra/base.rb:377:in `call'

Rendered rescues/_trace (115.1ms)
Rendered rescues/_request_and_response (0.3ms)
Rendering rescues/layout (internal_server_error)


Processing WorklistController#index (for 127.0.0.1 at 2010-05-05 18:29:48) [GET]
Rendering worklist/index
Completed in 19ms (View: 18, DB: 0) | 200 OK [http://localhost/worklist]


Processing WorklistController#index (for 127.0.0.1 at 2010-05-05 18:29:58) [GET]
Rendering worklist/index
Completed in 2ms (View: 1, DB: 0) | 200 OK [http://localhost/worklist]


Processing WorklistController#index (for 127.0.0.1 at 2010-05-05 18:30:14) [GET]
Rendering worklist/index
Completed in 7ms (View: 6, DB: 0) | 200 OK [http://localhost/worklist]


Processing WorklistController#index (for 127.0.0.1 at 2010-05-05 18:30:30) [GET]
Rendering worklist/index
Completed in 5ms (View: 4, DB: 0) | 200 OK [http://localhost/worklist]


Processing WorklistController#index (for 127.0.0.1 at 2010-05-05 18:31:06) [GET]
Rendering worklist/index
Completed in 7ms (View: 5, DB: 0) | 200 OK [http://localhost/worklist]


Processing WorklistController#index (for 127.0.0.1 at 2010-05-05 18:31:10) [GET]
Rendering worklist/index
Completed in 12ms (View: 9, DB: 0) | 200 OK [http://localhost/worklist]


Processing WorklistController#index (for 127.0.0.1 at 2010-05-05 18:38:53) [GET]

NoMethodError (undefined method `storage_participant' for Ruote:Module):
  app/controllers/worklist_controller.rb:3:in `index'
  haml (2.2.16) lib/sass/plugin/rails.rb:19:in `process'
  sinatra (0.9.6) lib/sinatra/base.rb:427:in `forward'
  sinatra (0.9.6) lib/sinatra/base.rb:498:in `route_missing'
  sinatra (0.9.6) lib/sinatra/base.rb:483:in `route!'
  sinatra (0.9.6) lib/sinatra/base.rb:569:in `dispatch!'
  sinatra (0.9.6) lib/sinatra/base.rb:388:in `call!'
  sinatra (0.9.6) lib/sinatra/base.rb:536:in `instance_eval'
  sinatra (0.9.6) lib/sinatra/base.rb:536:in `invoke'
  sinatra (0.9.6) lib/sinatra/base.rb:536:in `catch'
  sinatra (0.9.6) lib/sinatra/base.rb:536:in `invoke'
  sinatra (0.9.6) lib/sinatra/base.rb:388:in `call!'
  sinatra (0.9.6) lib/sinatra/base.rb:377:in `call'

Rendered rescues/_trace (107.9ms)
Rendered rescues/_request_and_response (0.3ms)
Rendering rescues/layout (internal_server_error)


Processing WorklistController#index (for 127.0.0.1 at 2010-05-05 18:39:02) [GET]
Rendering worklist/index
Completed in 71ms (View: 4, DB: 0) | 200 OK [http://localhost/worklist]


Processing WorklistController#index (for 127.0.0.1 at 2010-05-05 18:39:13) [GET]
Rendering worklist/index
Completed in 7ms (View: 4, DB: 0) | 200 OK [http://localhost/worklist]


Processing WorklistController#index (for 127.0.0.1 at 2010-05-05 18:40:56) [GET]
Rendering worklist/index
Completed in 12ms (View: 10, DB: 0) | 200 OK [http://localhost/worklist]


Processing EmailsController#index (for 127.0.0.1 at 2010-05-05 18:42:04) [GET]
  [4;36;1mEmail Load (0.4ms)[0m   [0;1mSELECT * FROM "emails" [0m
Rendering template within layouts/emails
Rendering emails/index
Completed in 28ms (View: 23, DB: 0) | 200 OK [http://localhost/emails]


Processing EmailsController#new (for 127.0.0.1 at 2010-05-05 18:42:05) [GET]
Rendering template within layouts/emails
Rendering emails/new
Completed in 116ms (View: 108, DB: 0) | 200 OK [http://localhost/emails/new]


Processing EmailsController#create (for 127.0.0.1 at 2010-05-05 18:42:52) [POST]
  Parameters: {"commit"=>"Create", "authenticity_token"=>"K3xejV+x3umVLIsQOw0ywpcoreEXtAxNZVd5AheS62Y=", "email"=>{"address"=>"test@test.com"}}
  [4;35;1mEmail Create (20.0ms)[0m   [0mINSERT INTO "emails" ("address", "created_at", "updated_at") VALUES('test@test.com', '2010-05-06 01:42:52', '2010-05-06 01:42:52')[0m
Redirected to http://localhost:3001/emails/1
Completed in 46ms (DB: 20) | 302 Found [http://localhost/emails]


Processing EmailsController#show (for 127.0.0.1 at 2010-05-05 18:42:52) [GET]
  Parameters: {"id"=>"1"}
  [4;36;1mEmail Load (0.2ms)[0m   [0;1mSELECT * FROM "emails" WHERE ("emails"."id" = 1) [0m
Rendering template within layouts/emails
Rendering emails/show
Completed in 21ms (View: 16, DB: 0) | 200 OK [http://localhost/emails/1]


Processing WorklistController#index (for 127.0.0.1 at 2010-05-05 18:42:57) [GET]
Rendering worklist/index
Completed in 7ms (View: 5, DB: 0) | 200 OK [http://localhost/worklist]


Processing EmailsController#index (for 127.0.0.1 at 2010-05-05 18:45:22) [GET]
  [4;35;1mEmail Load (0.4ms)[0m   [0mSELECT * FROM "emails" [0m
Rendering template within layouts/emails
Rendering emails/index
Completed in 10ms (View: 5, DB: 0) | 200 OK [http://localhost/emails]


Processing EmailsController#new (for 127.0.0.1 at 2010-05-05 18:45:24) [GET]
Rendering template within layouts/emails
Rendering emails/new
Completed in 8ms (View: 4, DB: 0) | 200 OK [http://localhost/emails/new]


Processing EmailsController#create (for 127.0.0.1 at 2010-05-05 18:45:28) [POST]
  Parameters: {"commit"=>"Create", "authenticity_token"=>"K3xejV+x3umVLIsQOw0ywpcoreEXtAxNZVd5AheS62Y=", "email"=>{"address"=>"testing@test.com"}}
  [4;36;1mSQL (0.2ms)[0m   [0;1m SELECT name
 FROM sqlite_master
 WHERE type = 'table' AND NOT name = 'sqlite_sequence'
[0m

NoMethodError (undefined method `ruote_create_email' for #<Class:0x1032f67b0>):
  app/controllers/emails_controller.rb:44:in `create'
  haml (2.2.16) lib/sass/plugin/rails.rb:19:in `process'
  sinatra (0.9.6) lib/sinatra/base.rb:427:in `forward'
  sinatra (0.9.6) lib/sinatra/base.rb:498:in `route_missing'
  sinatra (0.9.6) lib/sinatra/base.rb:483:in `route!'
  sinatra (0.9.6) lib/sinatra/base.rb:569:in `dispatch!'
  sinatra (0.9.6) lib/sinatra/base.rb:388:in `call!'
  sinatra (0.9.6) lib/sinatra/base.rb:536:in `instance_eval'
  sinatra (0.9.6) lib/sinatra/base.rb:536:in `invoke'
  sinatra (0.9.6) lib/sinatra/base.rb:536:in `catch'
  sinatra (0.9.6) lib/sinatra/base.rb:536:in `invoke'
  sinatra (0.9.6) lib/sinatra/base.rb:388:in `call!'
  sinatra (0.9.6) lib/sinatra/base.rb:377:in `call'

Rendered rescues/_trace (37.4ms)
Rendered rescues/_request_and_response (1.2ms)
Rendering rescues/layout (internal_server_error)


Processing EmailsController#create (for 127.0.0.1 at 2010-05-05 18:46:07) [POST]
  Parameters: {"commit"=>"Create", "authenticity_token"=>"K3xejV+x3umVLIsQOw0ywpcoreEXtAxNZVd5AheS62Y=", "email"=>{"address"=>"testing@test.com"}}
pdf = definenamecreate_emailcursorrequestorreviewerrewindif${review_not_ok}approverrewindif${not_approved}
  [4;35;1mEmail Create (0.3ms)[0m   [0mINSERT INTO "emails" ("address", "created_at", "updated_at") VALUES('testing@test.com', '2010-05-06 01:46:07', '2010-05-06 01:46:07')[0m
Redirected to http://localhost:3001/emails/2
Completed in 44ms (DB: 0) | 302 Found [http://localhost/emails]


Processing EmailsController#show (for 127.0.0.1 at 2010-05-05 18:46:07) [GET]
  Parameters: {"id"=>"2"}
  [4;36;1mEmail Load (0.2ms)[0m   [0;1mSELECT * FROM "emails" WHERE ("emails"."id" = 2) [0m
Rendering template within layouts/emails
Rendering emails/show
Completed in 11ms (View: 5, DB: 0) | 200 OK [http://localhost/emails/2]


Processing EmailsController#create (for 127.0.0.1 at 2010-05-05 18:48:08) [POST]
  Parameters: {"commit"=>"Create", "authenticity_token"=>"K3xejV+x3umVLIsQOw0ywpcoreEXtAxNZVd5AheS62Y=", "email"=>{"address"=>"testing@test.com"}}
pdef = definenamecreate_emailcursorrequestorreviewerrewindif${review_not_ok}rewindif${not_approved}
  [4;36;1mEmail Create (0.4ms)[0m   [0;1mINSERT INTO "emails" ("address", "created_at", "updated_at") VALUES('testing@test.com', '2010-05-06 01:48:08', '2010-05-06 01:48:08')[0m
Redirected to http://localhost:3001/emails/3
Completed in 132ms (DB: 0) | 302 Found [http://localhost/emails]


Processing EmailsController#show (for 127.0.0.1 at 2010-05-05 18:48:08) [GET]
  Parameters: {"id"=>"3"}
  [4;35;1mEmail Load (0.2ms)[0m   [0mSELECT * FROM "emails" WHERE ("emails"."id" = 3) [0m
Rendering template within layouts/emails
Rendering emails/show
Completed in 22ms (View: 13, DB: 0) | 200 OK [http://localhost/emails/3]


Processing EmailsController#create (for 127.0.0.1 at 2010-05-05 18:49:19) [POST]
  Parameters: {"commit"=>"Create", "authenticity_token"=>"K3xejV+x3umVLIsQOw0ywpcoreEXtAxNZVd5AheS62Y=", "email"=>{"address"=>"testing@test.com"}}
pdef = definenamecreate_emailcursorrequestorreviewerrewindif${review_not_ok}rewindif${not_approved}
  [4;36;1mEmail Create (0.4ms)[0m   [0;1mINSERT INTO "emails" ("address", "created_at", "updated_at") VALUES('testing@test.com', '2010-05-06 01:49:19', '2010-05-06 01:49:19')[0m
Redirected to http://localhost:3001/emails/4
Completed in 56ms (DB: 0) | 302 Found [http://localhost/emails]


Processing EmailsController#show (for 127.0.0.1 at 2010-05-05 18:49:19) [GET]
  Parameters: {"id"=>"4"}
  [4;35;1mEmail Load (0.2ms)[0m   [0mSELECT * FROM "emails" WHERE ("emails"."id" = 4) [0m
Rendering template within layouts/emails
Rendering emails/show
Completed in 17ms (View: 12, DB: 0) | 200 OK [http://localhost/emails/4]


Processing WorklistController#index (for 127.0.0.1 at 2010-05-05 18:49:42) [GET]
Rendering worklist/index
Completed in 13ms (View: 11, DB: 0) | 200 OK [http://localhost/worklist]


Processing WorklistController#index (for 127.0.0.1 at 2010-05-05 18:49:55) [GET]
Rendering worklist/index
Completed in 8ms (View: 6, DB: 0) | 200 OK [http://localhost/worklist]


Processing WorklistController#index (for 127.0.0.1 at 2010-05-05 18:51:42) [GET]
Rendering worklist/index

ActionView::TemplateError (undefined method `pp' for #<ActionView::Base:0x10317f6c0>) on line #8 of app/views/worklist/index.html.haml:
5:       
6: .ruote
7:   %div
8:     = pp @ruote.inspect

    app/views/worklist/index.html.haml:8:in `_run_haml_app47views47worklist47index46html46haml'
    haml (2.2.16) lib/haml/helpers/action_view_mods.rb:13:in `render'
    haml (2.2.16) lib/sass/plugin/rails.rb:19:in `process'
    sinatra (0.9.6) lib/sinatra/base.rb:427:in `forward'
    sinatra (0.9.6) lib/sinatra/base.rb:498:in `route_missing'
    sinatra (0.9.6) lib/sinatra/base.rb:483:in `route!'
    sinatra (0.9.6) lib/sinatra/base.rb:569:in `dispatch!'
    sinatra (0.9.6) lib/sinatra/base.rb:388:in `call!'
    sinatra (0.9.6) lib/sinatra/base.rb:536:in `instance_eval'
    sinatra (0.9.6) lib/sinatra/base.rb:536:in `invoke'
    sinatra (0.9.6) lib/sinatra/base.rb:536:in `catch'
    sinatra (0.9.6) lib/sinatra/base.rb:536:in `invoke'
    sinatra (0.9.6) lib/sinatra/base.rb:388:in `call!'
    sinatra (0.9.6) lib/sinatra/base.rb:377:in `call'

Rendered rescues/_trace (43.7ms)
Rendered rescues/_request_and_response (1.1ms)
Rendering rescues/layout (internal_server_error)


Processing WorklistController#index (for 127.0.0.1 at 2010-05-05 18:54:16) [GET]
Rendering worklist/index
Completed in 11ms (View: 10, DB: 0) | 200 OK [http://localhost/worklist]


Processing EmailsController#create (for 127.0.0.1 at 2010-05-05 18:54:37) [POST]
  Parameters: {"commit"=>"Create", "authenticity_token"=>"K3xejV+x3umVLIsQOw0ywpcoreEXtAxNZVd5AheS62Y=", "email"=>{"address"=>"testing@test.com"}}
pdef = definenamecreate_emailcursorrequestorreviewerrewindif${review_not_ok}rewindif${not_approved}
  [4;36;1mEmail Create (0.4ms)[0m   [0;1mINSERT INTO "emails" ("address", "created_at", "updated_at") VALUES('testing@test.com', '2010-05-06 01:54:37', '2010-05-06 01:54:37')[0m
Redirected to http://localhost:3001/emails/5
Completed in 53ms (DB: 0) | 302 Found [http://localhost/emails]


Processing EmailsController#show (for 127.0.0.1 at 2010-05-05 18:54:37) [GET]
  Parameters: {"id"=>"5"}
  [4;35;1mEmail Load (0.2ms)[0m   [0mSELECT * FROM "emails" WHERE ("emails"."id" = 5) [0m
Rendering template within layouts/emails
Rendering emails/show
Completed in 18ms (View: 13, DB: 0) | 200 OK [http://localhost/emails/5]


Processing EmailsController#index (for 127.0.0.1 at 2010-05-05 18:54:38) [GET]
  [4;36;1mEmail Load (0.6ms)[0m   [0;1mSELECT * FROM "emails" [0m
Rendering template within layouts/emails
Rendering emails/index
Completed in 27ms (View: 22, DB: 1) | 200 OK [http://localhost/emails]


Processing WorklistController#index (for 127.0.0.1 at 2010-05-05 18:54:42) [GET]
Rendering worklist/index
Completed in 6ms (View: 4, DB: 0) | 200 OK [http://localhost/worklist]


Processing EmailsController#destroy (for 127.0.0.1 at 2010-05-05 18:56:00) [DELETE]
  Parameters: {"authenticity_token"=>"K3xejV+x3umVLIsQOw0ywpcoreEXtAxNZVd5AheS62Y=", "id"=>"5"}
  [4;35;1mEmail Load (0.3ms)[0m   [0mSELECT * FROM "emails" WHERE ("emails"."id" = 5) [0m
  [4;36;1mEmail Destroy (0.2ms)[0m   [0;1mDELETE FROM "emails" WHERE "id" = 5[0m
Redirected to http://localhost:3001/emails
Completed in 42ms (DB: 1) | 302 Found [http://localhost/emails/5]


Processing EmailsController#index (for 127.0.0.1 at 2010-05-05 18:56:00) [GET]
  [4;35;1mEmail Load (0.5ms)[0m   [0mSELECT * FROM "emails" [0m
Rendering template within layouts/emails
Rendering emails/index
Completed in 18ms (View: 13, DB: 1) | 200 OK [http://localhost/emails]


Processing EmailsController#destroy (for 127.0.0.1 at 2010-05-05 18:56:03) [DELETE]
  Parameters: {"authenticity_token"=>"K3xejV+x3umVLIsQOw0ywpcoreEXtAxNZVd5AheS62Y=", "id"=>"4"}
  [4;36;1mEmail Load (0.2ms)[0m   [0;1mSELECT * FROM "emails" WHERE ("emails"."id" = 4) [0m
  [4;35;1mEmail Destroy (0.3ms)[0m   [0mDELETE FROM "emails" WHERE "id" = 4[0m
Redirected to http://localhost:3001/emails
Completed in 31ms (DB: 0) | 302 Found [http://localhost/emails/4]


Processing EmailsController#index (for 127.0.0.1 at 2010-05-05 18:56:03) [GET]
  [4;36;1mEmail Load (0.6ms)[0m   [0;1mSELECT * FROM "emails" [0m
Rendering template within layouts/emails
Rendering emails/index
Completed in 19ms (View: 13, DB: 1) | 200 OK [http://localhost/emails]


Processing EmailsController#destroy (for 127.0.0.1 at 2010-05-05 18:56:04) [DELETE]
  Parameters: {"authenticity_token"=>"K3xejV+x3umVLIsQOw0ywpcoreEXtAxNZVd5AheS62Y=", "id"=>"3"}
  [4;35;1mEmail Load (0.2ms)[0m   [0mSELECT * FROM "emails" WHERE ("emails"."id" = 3) [0m
  [4;36;1mEmail Destroy (0.2ms)[0m   [0;1mDELETE FROM "emails" WHERE "id" = 3[0m
Redirected to http://localhost:3001/emails
Completed in 10ms (DB: 0) | 302 Found [http://localhost/emails/3]


Processing EmailsController#index (for 127.0.0.1 at 2010-05-05 18:56:04) [GET]
  [4;35;1mEmail Load (0.4ms)[0m   [0mSELECT * FROM "emails" [0m
Rendering template within layouts/emails
Rendering emails/index
Completed in 15ms (View: 11, DB: 0) | 200 OK [http://localhost/emails]


Processing EmailsController#destroy (for 127.0.0.1 at 2010-05-05 18:56:05) [DELETE]
  Parameters: {"authenticity_token"=>"K3xejV+x3umVLIsQOw0ywpcoreEXtAxNZVd5AheS62Y=", "id"=>"2"}
  [4;36;1mEmail Load (1.0ms)[0m   [0;1mSELECT * FROM "emails" WHERE ("emails"."id" = 2) [0m
  [4;35;1mEmail Destroy (9.6ms)[0m   [0mDELETE FROM "emails" WHERE "id" = 2[0m
Redirected to http://localhost:3001/emails
Completed in 38ms (DB: 11) | 302 Found [http://localhost/emails/2]


Processing EmailsController#index (for 127.0.0.1 at 2010-05-05 18:56:05) [GET]
  [4;36;1mEmail Load (0.4ms)[0m   [0;1mSELECT * FROM "emails" [0m
Rendering template within layouts/emails
Rendering emails/index
Completed in 11ms (View: 6, DB: 0) | 200 OK [http://localhost/emails]


Processing EmailsController#destroy (for 127.0.0.1 at 2010-05-05 18:56:07) [DELETE]
  Parameters: {"authenticity_token"=>"K3xejV+x3umVLIsQOw0ywpcoreEXtAxNZVd5AheS62Y=", "id"=>"1"}
  [4;35;1mEmail Load (0.6ms)[0m   [0mSELECT * FROM "emails" WHERE ("emails"."id" = 1) [0m
  [4;36;1mEmail Destroy (0.5ms)[0m   [0;1mDELETE FROM "emails" WHERE "id" = 1[0m
Redirected to http://localhost:3001/emails
Completed in 15ms (DB: 1) | 302 Found [http://localhost/emails/1]


Processing EmailsController#index (for 127.0.0.1 at 2010-05-05 18:56:07) [GET]
  [4;35;1mEmail Load (0.3ms)[0m   [0mSELECT * FROM "emails" [0m
Rendering template within layouts/emails
Rendering emails/index
Completed in 8ms (View: 1, DB: 0) | 200 OK [http://localhost/emails]


Processing WorklistController#index (for 127.0.0.1 at 2010-05-05 19:08:51) [GET]
Rendering worklist/index
Completed in 8ms (View: 6, DB: 0) | 200 OK [http://localhost/worklist]


Processing WorklistController#index (for 127.0.0.1 at 2010-05-05 19:10:31) [GET]
Rendering worklist/index
Completed in 7ms (View: 5, DB: 0) | 200 OK [http://localhost/worklist]


Processing WorklistController#index (for 127.0.0.1 at 2010-05-05 19:10:32) [GET]
Rendering worklist/index
Completed in 3ms (View: 1, DB: 0) | 200 OK [http://localhost/worklist]


Processing WorklistController#index (for 127.0.0.1 at 2010-05-05 19:10:55) [GET]
Rendering worklist/index
Completed in 7ms (View: 5, DB: 0) | 200 OK [http://localhost/worklist]


Processing WorklistController#index (for 127.0.0.1 at 2010-05-05 19:11:09) [GET]
Rendering worklist/index
Completed in 8ms (View: 6, DB: 0) | 200 OK [http://localhost/worklist]


Processing WorklistController#index (for 127.0.0.1 at 2010-05-05 19:11:11) [GET]
Rendering worklist/index
Completed in 3ms (View: 1, DB: 0) | 200 OK [http://localhost/worklist]


Processing WorklistController#index (for 127.0.0.1 at 2010-05-05 19:11:38) [GET]
Rendering worklist/index
Completed in 8ms (View: 6, DB: 0) | 200 OK [http://localhost/worklist]


Processing WorklistController#index (for 127.0.0.1 at 2010-05-05 20:22:32) [GET]
Rendering worklist/index
Completed in 8ms (View: 6, DB: 0) | 200 OK [http://localhost/worklist]


Processing EmailsController#index (for 127.0.0.1 at 2010-05-06 02:27:42) [GET]
  [4;36;1mEmail Load (0.8ms)[0m   [0;1mSELECT * FROM "emails" [0m
Rendering template within layouts/emails
Rendering emails/index
Completed in 22ms (View: 1, DB: 1) | 200 OK [http://localhost/emails]


Processing EmailsController#new (for 127.0.0.1 at 2010-05-06 02:27:43) [GET]
Rendering template within layouts/emails
Rendering emails/new
Completed in 67ms (View: 63, DB: 0) | 200 OK [http://localhost/emails/new]


Processing EmailsController#create (for 127.0.0.1 at 2010-05-06 02:27:46) [POST]
  Parameters: {"commit"=>"Create", "authenticity_token"=>"K3xejV+x3umVLIsQOw0ywpcoreEXtAxNZVd5AheS62Y=", "email"=>{"address"=>"testing@test.com"}}
pdef = definenamecreate_emailcursorrequestorreviewerrewindif${review_not_ok}rewindif${not_approved}

NoMethodError (undefined method `[]' for true:TrueClass):
  ruote (2.1.10) lib/ruote/id/wfid_generator.rb:50:in `get_raw'
  ruote (2.1.10) lib/ruote/id/wfid_generator.rb:64:in `get_raw'
  ruote (2.1.10) lib/ruote/id/mnemo_wfid_generator.rb:35:in `generate'
  ruote (2.1.10) lib/ruote/engine.rb:69:in `launch'
  app/models/email.rb:19:in `ruote_create_email'
  app/controllers/emails_controller.rb:44:in `create'
  haml (2.2.16) lib/sass/plugin/rails.rb:19:in `process'
  sinatra (0.9.6) lib/sinatra/base.rb:427:in `forward'
  sinatra (0.9.6) lib/sinatra/base.rb:498:in `route_missing'
  sinatra (0.9.6) lib/sinatra/base.rb:483:in `route!'
  sinatra (0.9.6) lib/sinatra/base.rb:569:in `dispatch!'
  sinatra (0.9.6) lib/sinatra/base.rb:388:in `call!'
  sinatra (0.9.6) lib/sinatra/base.rb:536:in `instance_eval'
  sinatra (0.9.6) lib/sinatra/base.rb:536:in `invoke'
  sinatra (0.9.6) lib/sinatra/base.rb:536:in `catch'
  sinatra (0.9.6) lib/sinatra/base.rb:536:in `invoke'
  sinatra (0.9.6) lib/sinatra/base.rb:388:in `call!'
  sinatra (0.9.6) lib/sinatra/base.rb:377:in `call'

Rendered rescues/_trace (39.9ms)
Rendered rescues/_request_and_response (1.2ms)
Rendering rescues/layout (internal_server_error)


Processing EmailsController#create (for 127.0.0.1 at 2010-05-06 02:28:32) [POST]
  Parameters: {"commit"=>"Create", "authenticity_token"=>"K3xejV+x3umVLIsQOw0ywpcoreEXtAxNZVd5AheS62Y=", "email"=>{"address"=>"testing@test.com"}}
pdef = definenamecreate_emailcursorrequestorreviewerrewindif${review_not_ok}rewindif${not_approved}

NoMethodError (undefined method `[]' for true:TrueClass):
  ruote (2.1.10) lib/ruote/id/wfid_generator.rb:50:in `get_raw'
  ruote (2.1.10) lib/ruote/id/mnemo_wfid_generator.rb:35:in `generate'
  ruote (2.1.10) lib/ruote/engine.rb:69:in `launch'
  app/models/email.rb:19:in `ruote_create_email'
  app/controllers/emails_controller.rb:44:in `create'
  haml (2.2.16) lib/sass/plugin/rails.rb:19:in `process'
  sinatra (0.9.6) lib/sinatra/base.rb:427:in `forward'
  sinatra (0.9.6) lib/sinatra/base.rb:498:in `route_missing'
  sinatra (0.9.6) lib/sinatra/base.rb:483:in `route!'
  sinatra (0.9.6) lib/sinatra/base.rb:569:in `dispatch!'
  sinatra (0.9.6) lib/sinatra/base.rb:388:in `call!'
  sinatra (0.9.6) lib/sinatra/base.rb:536:in `instance_eval'
  sinatra (0.9.6) lib/sinatra/base.rb:536:in `invoke'
  sinatra (0.9.6) lib/sinatra/base.rb:536:in `catch'
  sinatra (0.9.6) lib/sinatra/base.rb:536:in `invoke'
  sinatra (0.9.6) lib/sinatra/base.rb:388:in `call!'
  sinatra (0.9.6) lib/sinatra/base.rb:377:in `call'

Rendered rescues/_trace (39.0ms)
Rendered rescues/_request_and_response (0.3ms)
Rendering rescues/layout (internal_server_error)


Processing EmailsController#create (for 127.0.0.1 at 2010-05-06 02:28:40) [POST]
  Parameters: {"commit"=>"Create", "authenticity_token"=>"K3xejV+x3umVLIsQOw0ywpcoreEXtAxNZVd5AheS62Y=", "email"=>{"address"=>"testing@test.com"}}
pdef = definenamecreate_emailcursorrequestorreviewerrewindif${review_not_ok}rewindif${not_approved}

NoMethodError (undefined method `[]' for true:TrueClass):
  ruote (2.1.10) lib/ruote/id/wfid_generator.rb:50:in `get_raw'
  ruote (2.1.10) lib/ruote/id/mnemo_wfid_generator.rb:35:in `generate'
  ruote (2.1.10) lib/ruote/engine.rb:69:in `launch'
  app/models/email.rb:19:in `ruote_create_email'
  app/controllers/emails_controller.rb:44:in `create'
  haml (2.2.16) lib/sass/plugin/rails.rb:19:in `process'
  sinatra (0.9.6) lib/sinatra/base.rb:427:in `forward'
  sinatra (0.9.6) lib/sinatra/base.rb:498:in `route_missing'
  sinatra (0.9.6) lib/sinatra/base.rb:483:in `route!'
  sinatra (0.9.6) lib/sinatra/base.rb:569:in `dispatch!'
  sinatra (0.9.6) lib/sinatra/base.rb:388:in `call!'
  sinatra (0.9.6) lib/sinatra/base.rb:536:in `instance_eval'
  sinatra (0.9.6) lib/sinatra/base.rb:536:in `invoke'
  sinatra (0.9.6) lib/sinatra/base.rb:536:in `catch'
  sinatra (0.9.6) lib/sinatra/base.rb:536:in `invoke'
  sinatra (0.9.6) lib/sinatra/base.rb:388:in `call!'
  sinatra (0.9.6) lib/sinatra/base.rb:377:in `call'

Rendered rescues/_trace (42.7ms)
Rendered rescues/_request_and_response (0.3ms)
Rendering rescues/layout (internal_server_error)


Processing EmailsController#new (for 127.0.0.1 at 2010-05-06 02:28:43) [GET]
Rendering template within layouts/emails
Rendering emails/new
Completed in 8ms (View: 4, DB: 0) | 200 OK [http://localhost/emails/new]


Processing EmailsController#create (for 127.0.0.1 at 2010-05-06 02:28:49) [POST]
  Parameters: {"commit"=>"Create", "authenticity_token"=>"K3xejV+x3umVLIsQOw0ywpcoreEXtAxNZVd5AheS62Y=", "email"=>{"address"=>"test@test.com"}}
pdef = definenamecreate_emailcursorrequestorreviewerrewindif${review_not_ok}rewindif${not_approved}

NoMethodError (undefined method `[]' for true:TrueClass):
  ruote (2.1.10) lib/ruote/id/wfid_generator.rb:50:in `get_raw'
  ruote (2.1.10) lib/ruote/id/mnemo_wfid_generator.rb:35:in `generate'
  ruote (2.1.10) lib/ruote/engine.rb:69:in `launch'
  app/models/email.rb:19:in `ruote_create_email'
  app/controllers/emails_controller.rb:44:in `create'
  haml (2.2.16) lib/sass/plugin/rails.rb:19:in `process'
  sinatra (0.9.6) lib/sinatra/base.rb:427:in `forward'
  sinatra (0.9.6) lib/sinatra/base.rb:498:in `route_missing'
  sinatra (0.9.6) lib/sinatra/base.rb:483:in `route!'
  sinatra (0.9.6) lib/sinatra/base.rb:569:in `dispatch!'
  sinatra (0.9.6) lib/sinatra/base.rb:388:in `call!'
  sinatra (0.9.6) lib/sinatra/base.rb:536:in `instance_eval'
  sinatra (0.9.6) lib/sinatra/base.rb:536:in `invoke'
  sinatra (0.9.6) lib/sinatra/base.rb:536:in `catch'
  sinatra (0.9.6) lib/sinatra/base.rb:536:in `invoke'
  sinatra (0.9.6) lib/sinatra/base.rb:388:in `call!'
  sinatra (0.9.6) lib/sinatra/base.rb:377:in `call'

Rendered rescues/_trace (37.1ms)
Rendered rescues/_request_and_response (0.3ms)
Rendering rescues/layout (internal_server_error)


Processing EmailsController#create (for 127.0.0.1 at 2010-05-06 02:30:49) [POST]
  Parameters: {"commit"=>"Create", "authenticity_token"=>"K3xejV+x3umVLIsQOw0ywpcoreEXtAxNZVd5AheS62Y=", "email"=>{"address"=>"test@test.com"}}
pdef = definenamecreate_emailcursorrequestorreviewerrewindif${review_not_ok}rewindif${not_approved}
  [4;36;1mEmail Create (29.1ms)[0m   [0;1mINSERT INTO "emails" ("address", "created_at", "updated_at") VALUES('test@test.com', '2010-05-06 09:30:49', '2010-05-06 09:30:49')[0m
Redirected to http://localhost:3001/emails/6
Completed in 86ms (DB: 29) | 302 Found [http://localhost/emails]


Processing EmailsController#show (for 127.0.0.1 at 2010-05-06 02:30:49) [GET]
  Parameters: {"id"=>"6"}
  [4;35;1mEmail Load (0.2ms)[0m   [0mSELECT * FROM "emails" WHERE ("emails"."id" = 6) [0m
Rendering template within layouts/emails
Rendering emails/show
Completed in 111ms (View: 105, DB: 0) | 200 OK [http://localhost/emails/6]


Processing WorklistController#index (for 127.0.0.1 at 2010-05-06 02:30:52) [GET]
Rendering worklist/index
Completed in 27ms (View: 26, DB: 0) | 200 OK [http://localhost/worklist]
  [4;36;1mSQL (0.4ms)[0m   [0;1m SELECT name
 FROM sqlite_master
 WHERE type = 'table' AND NOT name = 'sqlite_sequence'
[0m
  [4;35;1mSQL (0.1ms)[0m   [0mSELECT version FROM schema_migrations[0m
  [4;36;1mSQL (0.1ms)[0m   [0;1m SELECT name
 FROM sqlite_master
 WHERE type = 'table' AND NOT name = 'sqlite_sequence'
[0m
  [4;35;1mSQL (0.1ms)[0m   [0mSELECT version FROM schema_migrations[0m
Migrating to CreateEmails (20100505204715)
  [4;36;1mSQL (0.1ms)[0m   [0;1mselect sqlite_version(*)[0m
  [4;35;1mSQL (0.6ms)[0m   [0mDROP TABLE "emails"[0m
  [4;36;1mSQL (0.1ms)[0m   [0;1mDELETE FROM schema_migrations WHERE version = '20100505204715'[0m
  [4;35;1mSQL (0.3ms)[0m   [0m SELECT name
 FROM sqlite_master
 WHERE type = 'table' AND NOT name = 'sqlite_sequence'
[0m
  [4;36;1mSQL (0.1ms)[0m   [0;1mSELECT version FROM schema_migrations[0m
  [4;35;1mSQL (0.1ms)[0m   [0m SELECT name
 FROM sqlite_master
 WHERE type = 'table' AND NOT name = 'sqlite_sequence'
[0m
  [4;36;1mSQL (0.4ms)[0m   [0;1m SELECT name
 FROM sqlite_master
 WHERE type = 'table' AND NOT name = 'sqlite_sequence'
[0m
  [4;35;1mSQL (0.1ms)[0m   [0mSELECT version FROM schema_migrations[0m
Migrating to CreateEmails (20100505204715)
  [4;36;1mSQL (0.1ms)[0m   [0;1mselect sqlite_version(*)[0m
  [4;35;1mSQL (0.5ms)[0m   [0mCREATE TABLE "emails" ("id" INTEGER PRIMARY KEY AUTOINCREMENT NOT NULL, "address" varchar(255), "state" varchar(255) DEFAULT 'pending', "created_at" datetime, "updated_at" datetime) [0m
  [4;36;1mSQL (0.1ms)[0m   [0;1mINSERT INTO schema_migrations (version) VALUES ('20100505204715')[0m
  [4;35;1mSQL (0.3ms)[0m   [0m SELECT name
 FROM sqlite_master
 WHERE type = 'table' AND NOT name = 'sqlite_sequence'
[0m
  [4;36;1mSQL (0.1ms)[0m   [0;1mSELECT version FROM schema_migrations[0m
  [4;35;1mSQL (0.2ms)[0m   [0m SELECT name
 FROM sqlite_master
 WHERE type = 'table' AND NOT name = 'sqlite_sequence'
[0m
  [4;36;1mSQL (0.0ms)[0m   [0;1mPRAGMA index_list("emails")[0m


Processing EmailsController#index (for 127.0.0.1 at 2010-05-06 02:54:47) [GET]
  [4;36;1mEmail Load (0.4ms)[0m   [0;1mSELECT * FROM "emails" [0m
Rendering template within layouts/emails
Rendering emails/index
Completed in 87ms (View: 75, DB: 0) | 200 OK [http://localhost/emails]


Processing EmailsController#new (for 127.0.0.1 at 2010-05-06 02:54:49) [GET]
Rendering template within layouts/emails
Rendering emails/new
Completed in 83ms (View: 7, DB: 0) | 200 OK [http://localhost/emails/new]


Processing EmailsController#new (for 127.0.0.1 at 2010-05-06 02:55:45) [GET]
Rendering template within layouts/emails
Rendering emails/new
Completed in 15ms (View: 3, DB: 0) | 200 OK [http://localhost/emails/new]


Processing EmailsController#create (for 127.0.0.1 at 2010-05-06 02:55:49) [POST]
  Parameters: {"commit"=>"Create", "authenticity_token"=>"K3xejV+x3umVLIsQOw0ywpcoreEXtAxNZVd5AheS62Y=", "email"=>{"address"=>"test@test.com"}}
pdef = definenamecreate_emailcursorrequestorreviewerrewindif${review_not_ok}rewindif${not_approved}
  [4;35;1mEmail Create (0.4ms)[0m   [0mINSERT INTO "emails" ("address", "created_at", "updated_at", "state") VALUES('test@test.com', '2010-05-06 09:55:49', '2010-05-06 09:55:49', 'pending')[0m
Redirected to http://localhost:3001/emails/1
Completed in 93ms (DB: 0) | 302 Found [http://localhost/emails]


Processing EmailsController#show (for 127.0.0.1 at 2010-05-06 02:55:49) [GET]
  Parameters: {"id"=>"1"}
  [4;36;1mEmail Load (0.2ms)[0m   [0;1mSELECT * FROM "emails" WHERE ("emails"."id" = 1) [0m
Rendering template within layouts/emails
Rendering emails/show
Completed in 19ms (View: 8, DB: 0) | 200 OK [http://localhost/emails/1]


Processing EmailsController#index (for 127.0.0.1 at 2010-05-06 02:55:51) [GET]
  [4;35;1mEmail Load (0.5ms)[0m   [0mSELECT * FROM "emails" [0m
Rendering template within layouts/emails
Rendering emails/index
Completed in 21ms (View: 10, DB: 1) | 200 OK [http://localhost/emails]


Processing WorklistController#index (for 127.0.0.1 at 2010-05-06 02:56:31) [GET]
Rendering worklist/index
Completed in 10ms (View: 8, DB: 0) | 200 OK [http://localhost/worklist]


Processing EmailsController#new (for 127.0.0.1 at 2010-05-06 02:56:34) [GET]
Rendering template within layouts/emails
Rendering emails/new
Completed in 99ms (View: 84, DB: 0) | 200 OK [http://localhost/emails/new]


Processing EmailsController#create (for 127.0.0.1 at 2010-05-06 02:56:37) [POST]
  Parameters: {"commit"=>"Create", "authenticity_token"=>"K3xejV+x3umVLIsQOw0ywpcoreEXtAxNZVd5AheS62Y=", "email"=>{"address"=>"testing@test.com"}}
pdef = definenamecreate_emailcursorrequestorreviewerrewindif${review_not_ok}rewindif${not_approved}
  [4;36;1mEmail Create (0.4ms)[0m   [0;1mINSERT INTO "emails" ("address", "created_at", "updated_at", "state") VALUES('testing@test.com', '2010-05-06 09:56:37', '2010-05-06 09:56:37', 'pending')[0m
Redirected to http://localhost:3001/emails/2
Completed in 27ms (DB: 0) | 302 Found [http://localhost/emails]


Processing EmailsController#show (for 127.0.0.1 at 2010-05-06 02:56:37) [GET]
  Parameters: {"id"=>"2"}
  [4;35;1mEmail Load (0.2ms)[0m   [0mSELECT * FROM "emails" WHERE ("emails"."id" = 2) [0m
Rendering template within layouts/emails
Rendering emails/show
Completed in 19ms (View: 8, DB: 0) | 200 OK [http://localhost/emails/2]


Processing WorklistController#index (for 127.0.0.1 at 2010-05-06 02:56:40) [GET]
Rendering worklist/index
Completed in 5ms (View: 2, DB: 0) | 200 OK [http://localhost/worklist]


Processing EmailsController#show (for 127.0.0.1 at 2010-05-06 11:09:18) [GET]
  Parameters: {"id"=>"2"}
  [4;36;1mEmail Load (0.8ms)[0m   [0;1mSELECT * FROM "emails" WHERE ("emails"."id" = 2) [0m
Rendering template within layouts/emails
Rendering emails/show
Completed in 178ms (View: 109, DB: 1) | 200 OK [http://localhost/emails/2]


Processing WorklistController#index (for 127.0.0.1 at 2010-05-06 11:09:19) [GET]
Rendering worklist/index
Completed in 122ms (View: 90, DB: 0) | 200 OK [http://localhost/worklist]


Processing EmailsController#index (for 127.0.0.1 at 2010-05-06 11:09:22) [GET]
  [4;35;1mEmail Load (0.5ms)[0m   [0mSELECT * FROM "emails" [0m
Rendering template within layouts/emails
Rendering emails/index
Completed in 31ms (View: 20, DB: 1) | 200 OK [http://localhost/emails]


Processing EmailsController#new (for 127.0.0.1 at 2010-05-06 11:09:23) [GET]
Rendering template within layouts/emails
Rendering emails/new
Completed in 75ms (View: 61, DB: 0) | 200 OK [http://localhost/emails/new]


Processing EmailsController#create (for 127.0.0.1 at 2010-05-06 11:09:26) [POST]
  Parameters: {"commit"=>"Create", "authenticity_token"=>"K3xejV+x3umVLIsQOw0ywpcoreEXtAxNZVd5AheS62Y=", "email"=>{"address"=>"hi@hi.com"}}
pdef = definenamecreate_emailcursorrequestorreviewerrewindif${review_not_ok}rewindif${not_approved}
  [4;36;1mEmail Create (0.9ms)[0m   [0;1mINSERT INTO "emails" ("address", "created_at", "updated_at", "state") VALUES('hi@hi.com', '2010-05-06 18:09:26', '2010-05-06 18:09:26', 'pending')[0m
Redirected to http://localhost:3001/emails/3
Completed in 98ms (DB: 1) | 302 Found [http://localhost/emails]


Processing EmailsController#show (for 127.0.0.1 at 2010-05-06 11:09:26) [GET]
  Parameters: {"id"=>"3"}
  [4;35;1mEmail Load (0.2ms)[0m   [0mSELECT * FROM "emails" WHERE ("emails"."id" = 3) [0m
Rendering template within layouts/emails
Rendering emails/show
Completed in 14ms (View: 3, DB: 0) | 200 OK [http://localhost/emails/3]


Processing WorklistController#index (for 127.0.0.1 at 2010-05-06 11:09:28) [GET]
Rendering worklist/index
Completed in 3ms (View: 1, DB: 0) | 200 OK [http://localhost/worklist]


Processing WorklistController#index (for 127.0.0.1 at 2010-05-06 11:09:49) [GET]
Rendering worklist/index
Completed in 3ms (View: 1, DB: 0) | 200 OK [http://localhost/worklist]


Processing WorklistController#index (for 127.0.0.1 at 2010-05-06 11:09:51) [GET]
Rendering worklist/index
Completed in 3ms (View: 1, DB: 0) | 200 OK [http://localhost/worklist]


Processing WorklistController#index (for 127.0.0.1 at 2010-05-06 11:09:54) [GET]
Rendering worklist/index
Completed in 3ms (View: 1, DB: 0) | 200 OK [http://localhost/worklist]


Processing EmailsController#index (for 127.0.0.1 at 2010-05-06 11:10:16) [GET]
  [4;36;1mEmail Load (175.1ms)[0m   [0;1mSELECT * FROM "emails" [0m
Rendering template within layouts/emails
Rendering emails/index
Completed in 624ms (View: 395, DB: 175) | 200 OK [http://localhost/emails]


Processing EmailsController#new (for 127.0.0.1 at 2010-05-06 11:10:19) [GET]
Rendering template within layouts/emails
Rendering emails/new
Completed in 75ms (View: 64, DB: 0) | 200 OK [http://localhost/emails/new]


Processing EmailsController#create (for 127.0.0.1 at 2010-05-06 11:10:22) [POST]
  Parameters: {"commit"=>"Create", "authenticity_token"=>"K3xejV+x3umVLIsQOw0ywpcoreEXtAxNZVd5AheS62Y=", "email"=>{"address"=>"test@@test.com"}}
pdef = definenamecreate_emailcursorrequestorreviewerrewindif${review_not_ok}rewindif${not_approved}
  [4;35;1mEmail Create (0.4ms)[0m   [0mINSERT INTO "emails" ("address", "created_at", "updated_at", "state") VALUES('test@@test.com', '2010-05-06 18:10:22', '2010-05-06 18:10:22', 'pending')[0m
Redirected to http://localhost:3001/emails/4
Completed in 26ms (DB: 0) | 302 Found [http://localhost/emails]


Processing EmailsController#show (for 127.0.0.1 at 2010-05-06 11:10:22) [GET]
  Parameters: {"id"=>"4"}
  [4;36;1mEmail Load (0.8ms)[0m   [0;1mSELECT * FROM "emails" WHERE ("emails"."id" = 4) [0m
Rendering template within layouts/emails
Rendering emails/show
Completed in 142ms (View: 51, DB: 1) | 200 OK [http://localhost/emails/4]


Processing WorklistController#index (for 127.0.0.1 at 2010-05-06 11:10:25) [GET]
Rendering worklist/index
Completed in 67ms (View: 65, DB: 0) | 200 OK [http://localhost/worklist]
